info it worked if it ends with ok
verbose cli [ 'node', '/usr/local/bin/npm', 'install', 'sys' ]
info using npm@1.1.16
info using node@v0.6.15
verbose config file /Users/snageshwarrao/.npmrc
verbose config file /usr/local/etc/npmrc
verbose config file /usr/local/lib/node_modules/npm/npmrc
verbose caching /Users/snageshwarrao/Documents/code/nodejs/f2etweets/package.json
verbose loadDefaults application-name@0.0.1
verbose from cache /Users/snageshwarrao/Documents/code/nodejs/f2etweets/package.json
verbose readDependencies: using package.json deps
verbose cache add [ 'sys', null ]
silly cache add: name, spec, args [ undefined, 'sys', [ 'sys', null ] ]
verbose parsed url { pathname: 'sys', path: 'sys', href: 'sys' }
verbose addNamed [ 'sys', '' ]
verbose addNamed [ null, '' ]
silly name, range, hasData [ 'sys', '', false ]
verbose raw, before any munging sys
verbose url resolving [ 'https://registry.npmjs.org/', './sys' ]
verbose url resolved https://registry.npmjs.org/sys
http GET https://registry.npmjs.org/sys
http 404 https://registry.npmjs.org/sys
silly get cb [ 404,
silly get cb   { server: 'CouchDB/1.2.0 (Erlang OTP/R15B)',
silly get cb     date: 'Sat, 21 Apr 2012 20:53:24 GMT',
silly get cb     'content-type': 'application/json',
silly get cb     'content-length': '52',
silly get cb     'cache-control': 'must-revalidate' } ]
ERR! 404 'sys' is not in the npm registry.
ERR! 404 You should bug the author to publish it
ERR! 404 Note that you can also install from a
ERR! 404 tarball, folder, or http url, or git url.
ERR! 
ERR! System Darwin 11.3.0
ERR! command "node" "/usr/local/bin/npm" "install" "sys"
ERR! cwd /Users/snageshwarrao/Documents/code/nodejs/f2etweets
ERR! node -v v0.6.15
ERR! npm -v 1.1.16
ERR! code E404
ERR! message 404 Not Found: sys
ERR! errno {}
verbose exit [ 1, true ]
